Base path: D:/Editor/Data
Pipe name: \\.\pipe\UnityShaderCompiler-4-1844
Cmd: getPlatforms
Cmd: compileSnippet
  error: 2 plat 8 at (81): 'vert': output parameter 'o' not completely initialized
  error: 1 plat 8 at (110): implicit truncation of vector type
  api=8 type=0 insize=6382 outsize=0 kw=DIRECTIONAL SHADOWS_OFF LIGHTMAP_ON DIRLIGHTMAP_OFF ok=0
Cmd: compileSnippet
  error: 2 plat 8 at (81): 'vert': output parameter 'o' not completely initialized
  error: 1 plat 8 at (110): implicit truncation of vector type
  api=8 type=0 insize=6382 outsize=0 kw=DIRECTIONAL SHADOWS_OFF LIGHTMAP_OFF DIRLIGHTMAP_OFF VERTEXLIGHT_ON ok=0
Cmd: compileSnippet
  error: 2 plat 8 at (81): 'vert': output parameter 'o' not completely initialized
  error: 1 plat 8 at (110): implicit truncation of vector type
  api=8 type=0 insize=4265 outsize=0 kw=DIRECTIONAL ok=0
Cmd: compileSnippet
  error: 2 plat 4 at (81): 'vert': output parameter 'o' not completely initialized
  error: 1 plat 4 at (110): implicit truncation of vector type
  api=4 type=0 insize=4265 outsize=0 kw=POINT_COOKIE ok=0
Cmd: compileSnippet
  error: 2 plat 8 at (81): 'vert': output parameter 'o' not completely initialized
  error: 1 plat 8 at (110): implicit truncation of vector type
  api=8 type=0 insize=4265 outsize=0 kw=DIRECTIONAL_COOKIE ok=0
Cmd: compileSnippet
  error: 2 plat 8 at (81): 'vert': output parameter 'o' not completely initialized
  error: 1 plat 8 at (110): implicit truncation of vector type
  api=8 type=0 insize=4194 outsize=0 kw= ok=0
Cmd: compileSnippet
  error: 2 plat 8 at (81): 'vert': output parameter 'o' not completely initialized
  error: 1 plat 8 at (110): implicit truncation of vector type
  api=8 type=0 insize=5914 outsize=0 kw=LIGHTMAP_ON DIRLIGHTMAP_OFF HDR_LIGHT_PREPASS_OFF ok=0
Cmd: compileSnippet
  error: 2 plat 4 at (81): 'vert': output parameter 'o' not completely initialized
  error: 1 plat 4 at (110): implicit truncation of vector type
  api=4 type=0 insize=5914 outsize=0 kw=LIGHTMAP_ON DIRLIGHTMAP_OFF HDR_LIGHT_PREPASS_ON ok=0
Unhandled exception: Readfile from pipe failed. GLE=파이프가 끝났습니다.


Quitting shader compiler process
